{
  "RSpec": {
    "coverage": {
      "/Users/chrisclement/Desktop/Projects/Makers/Week5/MakersBnB/MakersBnB/setup_database.rb": {
        "lines": [
          1,
          1,
          null,
          1,
          1,
          null,
          null,
          0,
          null,
          null
        ]
      },
      "/Users/chrisclement/Desktop/Projects/Makers/Week5/MakersBnB/MakersBnB/lib/database_connection.rb": {
        "lines": [
          1,
          null,
          1,
          1,
          1,
          null,
          null,
          1,
          0,
          null,
          null,
          1,
          61,
          null,
          null
        ]
      },
      "/Users/chrisclement/Desktop/Projects/Makers/Week5/MakersBnB/MakersBnB/app.rb": {
        "lines": [
          1,
          1,
          1,
          1,
          null,
          1,
          1,
          0,
          null,
          null,
          1,
          0,
          null,
          null,
          1,
          5,
          null,
          null,
          1,
          6,
          6,
          6,
          null,
          null,
          1,
          3,
          3,
          3,
          null,
          null,
          null
        ]
      },
      "/Users/chrisclement/Desktop/Projects/Makers/Week5/MakersBnB/MakersBnB/lib/bookings.rb": {
        "lines": [
          1,
          1,
          1,
          1,
          8,
          64,
          64,
          null,
          null,
          1,
          9,
          45,
          45,
          40,
          null,
          5,
          null,
          null,
          null,
          null,
          1,
          4,
          null,
          null,
          null
        ]
      },
      "/Users/chrisclement/Desktop/Projects/Makers/Week5/MakersBnB/MakersBnB/spec/bookings_spec.rb": {
        "lines": [
          1,
          1,
          null,
          1,
          null,
          1,
          1,
          1,
          1,
          null,
          null,
          null,
          1,
          1,
          1,
          1,
          1,
          null,
          null,
          1,
          1,
          1,
          null,
          null,
          null,
          null,
          1,
          1,
          1,
          1,
          null,
          null,
          null,
          null
        ]
      },
      "/Users/chrisclement/Desktop/Projects/Makers/Week5/MakersBnB/MakersBnB/spec/features/add_booking_spec.rb": {
        "lines": [
          1,
          null,
          1,
          1,
          1,
          1,
          1,
          null,
          null,
          null,
          1,
          1,
          1,
          1,
          1,
          1,
          1,
          null,
          null,
          null,
          1,
          1,
          1,
          1,
          1,
          1,
          1,
          null,
          null,
          null,
          1,
          1,
          1,
          1,
          1,
          1,
          1,
          null,
          null,
          null,
          1,
          1,
          1,
          1,
          1,
          1,
          null,
          null
        ]
      }
    },
    "timestamp": 1639563826
  }
}
