{
  "RSpec": {
    "coverage": {
      "/Users/chrisclement/Desktop/Projects/Makers/Week5/MakersBnB/MakersBnB/spec/features/web_helpers.rb": {
        "lines": [
          1,
          13,
          13,
          null,
          null,
          1,
          10,
          10,
          10,
          10,
          10,
          null,
          null,
          1,
          3,
          null
        ]
      },
      "/Users/chrisclement/Desktop/Projects/Makers/Week5/MakersBnB/MakersBnB/app.rb": {
        "lines": [
          null,
          null,
          1,
          1,
          1,
          1,
          1,
          1,
          1,
          1,
          null,
          null,
          null,
          1,
          1,
          1,
          null,
          null,
          1,
          1,
          null,
          1,
          15,
          15,
          null,
          null,
          1,
          13,
          12,
          12,
          12,
          12,
          null,
          1,
          1,
          null,
          null,
          null,
          null,
          1,
          1,
          null,
          null,
          1,
          1,
          1,
          1,
          null,
          null,
          1,
          15,
          null,
          null,
          1,
          12,
          12,
          12,
          null,
          null,
          1,
          10,
          null,
          null,
          1,
          8,
          1,
          null,
          7,
          7,
          7,
          7,
          7,
          null,
          null,
          null,
          null,
          1,
          0,
          0,
          0,
          0,
          null,
          null,
          null,
          1,
          0,
          0,
          0,
          null,
          null,
          null,
          1,
          2,
          null,
          null,
          1,
          0,
          null,
          null,
          1,
          0,
          0,
          0,
          0,
          0,
          null,
          0,
          null,
          null,
          null,
          1,
          0,
          0,
          0,
          null,
          null,
          1,
          0,
          0,
          null,
          null,
          1,
          1,
          1,
          1,
          1,
          0,
          0,
          0,
          null,
          null,
          1,
          null,
          0,
          null,
          null,
          1,
          0,
          0,
          null,
          null,
          1,
          0,
          0,
          null,
          null,
          null,
          null
        ]
      },
      "/Users/chrisclement/Desktop/Projects/Makers/Week5/MakersBnB/MakersBnB/lib/bookings.rb": {
        "lines": [
          1,
          1,
          1,
          2,
          16,
          16,
          null,
          null,
          1,
          3,
          0,
          0,
          null,
          null,
          null,
          1,
          0,
          null,
          null,
          1,
          0,
          null,
          null,
          null,
          1,
          0,
          0,
          null,
          null,
          1,
          0,
          null,
          null,
          1,
          0,
          null,
          null,
          1,
          1,
          0,
          0,
          0,
          0,
          0,
          null,
          0,
          null,
          null,
          null,
          null
        ]
      },
      "/Users/chrisclement/Desktop/Projects/Makers/Week5/MakersBnB/MakersBnB/lib/database_connection.rb": {
        "lines": [
          null,
          null,
          1,
          null,
          null,
          1,
          1,
          1,
          null,
          null,
          1,
          0,
          null,
          null,
          1,
          125,
          null,
          null
        ]
      },
      "/Users/chrisclement/Desktop/Projects/Makers/Week5/MakersBnB/MakersBnB/lib/makersbnb.rb": {
        "lines": [
          1,
          null,
          1,
          null,
          1,
          14,
          null,
          null,
          null,
          1,
          9,
          9,
          null,
          null,
          null,
          1,
          10,
          null,
          null,
          1,
          28,
          28,
          null,
          0,
          null,
          28,
          28,
          null,
          null,
          null,
          null,
          null
        ]
      },
      "/Users/chrisclement/Desktop/Projects/Makers/Week5/MakersBnB/MakersBnB/lib/user.rb": {
        "lines": [
          null,
          null,
          1,
          null,
          null,
          1,
          null,
          1,
          15,
          15,
          0,
          null,
          15,
          null,
          null,
          null,
          null,
          1,
          12,
          null,
          null,
          null,
          1,
          2,
          2,
          null,
          null
        ]
      },
      "/Users/chrisclement/Desktop/Projects/Makers/Week5/MakersBnB/MakersBnB/database_connection_setup.rb": {
        "lines": [
          null,
          null,
          1,
          null,
          1,
          1,
          1,
          null,
          0,
          null
        ]
      },
      "/Users/chrisclement/Desktop/Projects/Makers/Week5/MakersBnB/MakersBnB/lib/update.rb": {
        "lines": [
          1,
          1,
          null,
          1,
          null,
          1,
          3,
          null,
          3,
          2,
          null,
          null,
          null,
          1,
          9,
          9,
          9,
          null,
          null,
          null,
          1,
          0,
          0,
          0,
          null,
          0,
          null,
          null,
          null,
          null
        ]
      },
      "/Users/chrisclement/Desktop/Projects/Makers/Week5/MakersBnB/MakersBnB/spec/bookings_spec.rb": {
        "lines": [
          1,
          1,
          null,
          1,
          null,
          1,
          1,
          1,
          1,
          null,
          null,
          null,
          1,
          1,
          1,
          1,
          1,
          null,
          null,
          1,
          1,
          1,
          1,
          null,
          null,
          null,
          1,
          1,
          1,
          1,
          null,
          null,
          null,
          null,
          1,
          1,
          1,
          0,
          null,
          null,
          null,
          1,
          1,
          1,
          0,
          0,
          0,
          null,
          null,
          null,
          1,
          1,
          1,
          1,
          0,
          0,
          null,
          null,
          1,
          1,
          1,
          0,
          0,
          null,
          null,
          1,
          1,
          1,
          0,
          null,
          null,
          null
        ]
      },
      "/Users/chrisclement/Desktop/Projects/Makers/Week5/MakersBnB/MakersBnB/spec/feature/view_listings_spec.rb": {
        "lines": [
          1,
          1,
          1,
          1,
          1,
          1,
          1,
          1,
          null,
          null
        ]
      },
      "/Users/chrisclement/Desktop/Projects/Makers/Week5/MakersBnB/MakersBnB/spec/features/add_booking_spec.rb": {
        "lines": [
          1,
          null,
          1,
          1,
          1,
          1,
          0,
          null,
          null,
          null,
          1,
          1,
          1,
          1,
          1,
          1,
          0,
          0,
          null,
          null,
          null,
          1,
          1,
          1,
          1,
          1,
          0,
          0,
          null,
          null,
          null,
          1,
          1,
          1,
          1,
          0,
          0,
          0,
          0,
          null,
          null,
          null,
          1,
          1,
          1,
          1,
          0,
          0,
          null,
          null
        ]
      },
      "/Users/chrisclement/Desktop/Projects/Makers/Week5/MakersBnB/MakersBnB/spec/features/approve_disapprove_booking_request_spec.rb": {
        "lines": [
          1,
          1,
          1,
          0,
          0,
          0,
          0,
          null,
          null,
          null,
          1,
          1,
          1,
          0,
          0,
          0,
          0,
          null,
          null
        ]
      },
      "/Users/chrisclement/Desktop/Projects/Makers/Week5/MakersBnB/MakersBnB/spec/features/complete_listing_spec.rb": {
        "lines": [
          1,
          1,
          1,
          1,
          1,
          2,
          null,
          null,
          null
        ]
      },
      "/Users/chrisclement/Desktop/Projects/Makers/Week5/MakersBnB/MakersBnB/spec/features/fill_in_listing_form_spec.rb": {
        "lines": [
          1,
          null,
          1,
          null,
          1,
          1,
          null,
          null,
          1,
          1,
          1,
          null,
          null,
          1,
          1,
          1,
          1,
          null,
          null
        ]
      },
      "/Users/chrisclement/Desktop/Projects/Makers/Week5/MakersBnB/MakersBnB/spec/features/listing_web_helper.rb": {
        "lines": [
          1,
          8,
          8,
          8,
          8,
          8,
          null
        ]
      },
      "/Users/chrisclement/Desktop/Projects/Makers/Week5/MakersBnB/MakersBnB/spec/features/home_page_feature_spec.rb": {
        "lines": [
          null,
          null,
          1,
          1,
          1,
          1,
          1,
          null,
          null
        ]
      },
      "/Users/chrisclement/Desktop/Projects/Makers/Week5/MakersBnB/MakersBnB/spec/features/login_feature_spec.rb": {
        "lines": [
          null,
          null,
          1,
          1,
          1,
          1,
          null,
          null,
          1,
          1,
          1,
          null,
          null,
          null,
          1,
          1,
          1,
          1,
          1,
          1,
          1,
          1,
          1,
          null,
          null
        ]
      },
      "/Users/chrisclement/Desktop/Projects/Makers/Week5/MakersBnB/MakersBnB/spec/features/navigate_to_list_space_spec.rb": {
        "lines": [
          1,
          null,
          1,
          1,
          1,
          1,
          null,
          null
        ]
      },
      "/Users/chrisclement/Desktop/Projects/Makers/Week5/MakersBnB/MakersBnB/spec/features/signing_up_spec.rb": {
        "lines": [
          1,
          1,
          1,
          1,
          1,
          1,
          1,
          1,
          1,
          1,
          null,
          null
        ]
      },
      "/Users/chrisclement/Desktop/Projects/Makers/Week5/MakersBnB/MakersBnB/spec/features/update_space_spec.rb": {
        "lines": [
          1,
          null,
          1,
          null,
          1,
          1,
          1,
          null,
          null,
          1,
          1,
          1,
          1,
          1,
          1,
          1,
          1,
          1,
          1,
          1,
          1,
          null,
          null,
          null
        ]
      },
      "/Users/chrisclement/Desktop/Projects/Makers/Week5/MakersBnB/MakersBnB/spec/features/view_created_listing_spec.rb": {
        "lines": [
          1,
          1,
          1,
          1,
          1,
          1,
          null,
          null
        ]
      },
      "/Users/chrisclement/Desktop/Projects/Makers/Week5/MakersBnB/MakersBnB/spec/features/viewing_booking_request_spec.rb": {
        "lines": [
          1,
          1,
          1,
          1,
          1,
          null,
          null,
          1,
          1,
          0,
          0,
          0,
          null,
          null
        ]
      },
      "/Users/chrisclement/Desktop/Projects/Makers/Week5/MakersBnB/MakersBnB/spec/makersbnb_spec.rb": {
        "lines": [
          1,
          null,
          1,
          null,
          1,
          1,
          1,
          1,
          2,
          null,
          null,
          1,
          1,
          1,
          null,
          null,
          1,
          1,
          1,
          1,
          1,
          null,
          null,
          null
        ]
      },
      "/Users/chrisclement/Desktop/Projects/Makers/Week5/MakersBnB/MakersBnB/spec/user_spec.rb": {
        "lines": [
          null,
          null,
          1,
          null,
          1,
          1,
          1,
          1,
          1,
          1,
          null,
          null,
          1,
          1,
          1,
          1,
          null,
          null,
          null,
          1,
          1,
          1,
          1,
          1,
          null,
          null,
          null
        ]
      }
    },
    "timestamp": 1639675155
  }
}
